-------------------------------------------------------------------------------
Test set: test.TestSicredNegativeTests
-------------------------------------------------------------------------------
Tests run: 9, Failures: 1, Errors: 0, Skipped: 2, Time elapsed: 4.251 s <<< FAILURE! - in test.TestSicredNegativeTests
test.TestSicredNegativeTests.t06_shouldGetProductsExpiredToken  Time elapsed: 0.62 s  <<< FAILURE!
java.lang.AssertionError: 
1 expectation failed.
JSON path name doesn't match.
Expected: is "JsonWebTokenError"
  Actual: TokenExpiredError

	at test.TestSicredNegativeTests.t06_shouldGetProductsExpiredToken(TestSicredNegativeTests.java:131)

